2024-05-10 12:00:01 INFO Starting system
2024-05-10 12:00:02 DEBUG Initializing modules
2024-05-10 12:00:03 INFO Loading configuration
2024-05-10 12:00:04 INFO Configuration loaded successfully
2024-05-10 12:00:05 DEBUG Connecting to database
2024-05-10 12:00:06 ERROR Failed to connect to database
2024-05-10 12:00:07 INFO Retrying connection
2024-05-10 12:00:08 ERROR Timeout on database request
2024-05-10 12:00:09 INFO Connection established
2024-05-10 12:00:10 INFO Starting background jobs
2024-05-10 12:00:11 DEBUG Job A initialized
2024-05-10 12:00:12 DEBUG Job B initialized
2024-05-10 12:00:13 INFO Jobs running
2024-05-10 12:00:14 WARNING Memory usage at 75%
2024-05-10 12:00:15 DEBUG Monitoring started
2024-05-10 12:00:16 INFO User login: user1
2024-05-10 12:00:17 DEBUG Session created for user1
2024-05-10 12:00:18 INFO User login: admin
2024-05-10 12:00:19 DEBUG Session created for admin
2024-05-10 12:00:20 ERROR Permission denied for user1
2024-05-10 12:00:21 WARNING Unauthorized access attempt
2024-05-10 12:00:22 INFO Logging event
2024-05-10 12:00:23 DEBUG Event written to audit log
2024-05-10 12:00:24 INFO Scheduled backup started
2024-05-10 12:00:25 INFO Backup completed
2024-05-10 12:00:26 DEBUG Cleanup temp files
2024-05-10 12:00:27 WARNING Disk usage at 90%
2024-05-10 12:00:28 CRITICAL Disk full
2024-05-10 12:00:29 ERROR Failed to write to disk
2024-05-10 12:00:30 INFO Alert sent to admin
2024-05-10 12:00:31 DEBUG Resetting disk queue
2024-05-10 12:00:32 INFO Job A completed
2024-05-10 12:00:33 INFO Job B completed
2024-05-10 12:00:34 DEBUG Resource cleanup complete
2024-05-10 12:00:35 INFO User logout: user1
2024-05-10 12:00:36 INFO User logout: admin
2024-05-10 12:00:37 DEBUG Session destroyed for user1
2024-05-10 12:00:38 DEBUG Session destroyed for admin
2024-05-10 12:00:39 INFO Shutting down services
2024-05-10 12:00:40 INFO Services stopped
2024-05-10 12:00:41 INFO System idle
2024-05-10 12:00:42 DEBUG Health check ping
2024-05-10 12:00:43 DEBUG Health check pong
2024-05-10 12:00:44 INFO Cron task started
2024-05-10 12:00:45 ERROR Cron task failed
2024-05-10 12:00:46 INFO Restarting cron service
2024-05-10 12:00:47 INFO Cron service running
2024-05-10 12:00:48 DEBUG Monitoring restarted
2024-05-10 12:00:49 CRITICAL Unhandled exception in job B
2024-05-10 12:00:50 INFO System stable